<?xml version="1.0" encoding="UTF-8"?>
<!-- Generated by org.testng.reporters.JUnitReportReporter -->
<testsuite hostname="NB1471" failures="0" tests="5" name="com.test.sample.practice_automation.tests.AutomationScripts" time="22.415" errors="0" timestamp="08 May 2022 12:07:53 GMT" skipped="0">
  <testcase classname="com.test.sample.practice_automation.tests.AutomationScripts" name="validateBasicAuthByProvidingCorrectUNandPWD" time="2.986"/>
  <testcase classname="com.test.sample.practice_automation.tests.AutomationScripts" name="validateFileUpload" time="7.950"/>
  <testcase classname="com.test.sample.practice_automation.tests.AutomationScripts" name="validateFormAuthenticationForValidUNandPWD" time="3.531"/>
  <testcase classname="com.test.sample.practice_automation.tests.AutomationScripts" name="validateFormAuthenticationForInvalidUNandPWD" time="5.024"/>
  <testcase classname="com.test.sample.practice_automation.tests.AutomationScripts" name="validateCheckboxStatus" time="2.924"/>
</testsuite> <!-- com.test.sample.practice_automation.tests.AutomationScripts -->
